# JRE version: OpenJDK Runtime Environment (18.0.2+9) (build 18.0.2+9-61)
# Java VM: OpenJDK 64-Bit Server VM (18.0.2+9-61, mixed mode, sharing, tiered, compressed oops, compressed class ptrs, g1 gc, windows-amd64)
GC Precious Log:
 CardTable entry size: 512
 Card Set container configuration: InlinePtr #cards 4 size 8 Array Of Cards #cards 16 size 48 Howl #buckets 8 coarsen threshold 3686 Howl Bitmap #cards 512 size 80 coarsen threshold 460 Card regions per heap region 1 cards per card region 4096
 CPUs: 8 total, 8 available
 Memory: 12197M
 Large Page Support: Disabled
 NUMA Support: Disabled
 Compressed Oops: Enabled (Zero based)
 Heap Region Size: 2M
 Heap Min Capacity: 8M
 Heap Initial Capacity: 192M
 Heap Max Capacity: 3050M
 Pre-touch: Disabled
 Parallel Workers: 8
 Concurrent Workers: 2
 Concurrent Refinement Workers: 8
 Periodic GC: Disabled
Heap:
 garbage-first heap   total 61440K, used 14960K [0x0000000741600000, 0x0000000800000000)
  region size 2048K, 6 young (12288K), 4 survivors (8192K)
 Metaspace       used 21423K, committed 21760K, reserved 1114112K
  class space    used 2620K, committed 2816K, reserved 1048576K
GC Heap History (6 events):
Event: 2.250 GC heap before
{Heap before GC invocations=0 (full 0):
 garbage-first heap   total 196608K, used 20480K [0x0000000741600000, 0x0000000800000000)
  region size 2048K, 11 young (22528K), 0 survivors (0K)
 Metaspace       used 6129K, committed 6400K, reserved 1114112K
  class space    used 700K, committed 832K, reserved 1048576K
}
Event: 2.258 GC heap after
{Heap after GC invocations=1 (full 0):
 garbage-first heap   total 196608K, used 6480K [0x0000000741600000, 0x0000000800000000)
  region size 2048K, 2 young (4096K), 2 survivors (4096K)
 Metaspace       used 6129K, committed 6400K, reserved 1114112K
  class space    used 700K, committed 832K, reserved 1048576K
}
Event: 3.140 GC heap before
{Heap before GC invocations=1 (full 0):
 garbage-first heap   total 196608K, used 33104K [0x0000000741600000, 0x0000000800000000)
  region size 2048K, 15 young (30720K), 2 survivors (4096K)
 Metaspace       used 13109K, committed 13312K, reserved 1114112K
  class space    used 1550K, committed 1664K, reserved 1048576K
}
Event: 3.151 GC heap after
{Heap after GC invocations=2 (full 0):
 garbage-first heap   total 196608K, used 8614K [0x0000000741600000, 0x0000000800000000)
  region size 2048K, 2 young (4096K), 2 survivors (4096K)
 Metaspace       used 13109K, committed 13312K, reserved 1114112K
  class space    used 1550K, committed 1664K, reserved 1048576K
}
Event: 5.637 GC heap before
{Heap before GC invocations=2 (full 0):
 garbage-first heap   total 196608K, used 53670K [0x0000000741600000, 0x0000000800000000)
  region size 2048K, 26 young (53248K), 2 survivors (4096K)
 Metaspace       used 21193K, committed 21504K, reserved 1114112K
  class space    used 2571K, committed 2752K, reserved 1048576K
}
Event: 5.650 GC heap after
{Heap after GC invocations=3 (full 0):
 garbage-first heap   total 196608K, used 12912K [0x0000000741600000, 0x0000000800000000)
  region size 2048K, 4 young (8192K), 4 survivors (8192K)
 Metaspace       used 21193K, committed 21504K, reserved 1114112K
  class space    used 2571K, committed 2752K, reserved 1048576K
}

